c:\users\dhruvin\documents\visual studio 2010\projects\skeletonbasics-d2d\debug\client.obj
c:\users\dhruvin\documents\visual studio 2010\projects\skeletonbasics-d2d\debug\skeletonbasics.obj
c:\users\dhruvin\documents\visual studio 2010\projects\skeletonbasics-d2d\debug\vc100.pdb
c:\users\dhruvin\documents\visual studio 2010\projects\skeletonbasics-d2d\debug\skeletonbasics.res
c:\users\dhruvin\documents\visual studio 2010\projects\skeletonbasics-d2d\debug\skeletonbasics-d2d.exe.embed.manifest.res
c:\users\dhruvin\documents\visual studio 2010\projects\skeletonbasics-d2d\debug\vc120.pdb
c:\users\dhruvin\documents\visual studio 2010\projects\skeletonbasics-d2d\debug\kinectprogram.ilk
c:\users\dhruvin\documents\visual studio 2010\projects\skeletonbasics-d2d\debug\kinectprogram.exe
c:\users\dhruvin\documents\visual studio 2010\projects\skeletonbasics-d2d\debug\kinectprogram.pdb
c:\users\dhruvin\documents\visual studio 2010\projects\skeletonbasics-d2d\debug\skeletonbasics-d2d.vcxprojresolveassemblyreference.cache
c:\users\dhruvin\documents\visual studio 2010\projects\skeletonbasics-d2d\debug\skeletonbasics-d2d.ilk
c:\users\dhruvin\documents\visual studio 2010\projects\skeletonbasics-d2d\debug\cl.command.1.tlog
c:\users\dhruvin\documents\visual studio 2010\projects\skeletonbasics-d2d\debug\cl.read.1.tlog
c:\users\dhruvin\documents\visual studio 2010\projects\skeletonbasics-d2d\debug\cl.write.1.tlog
c:\users\dhruvin\documents\visual studio 2010\projects\skeletonbasics-d2d\debug\link.command.1.tlog
c:\users\dhruvin\documents\visual studio 2010\projects\skeletonbasics-d2d\debug\link.read.1.tlog
c:\users\dhruvin\documents\visual studio 2010\projects\skeletonbasics-d2d\debug\link.write.1.tlog
c:\users\dhruvin\documents\visual studio 2010\projects\skeletonbasics-d2d\debug\rc.command.1.tlog
c:\users\dhruvin\documents\visual studio 2010\projects\skeletonbasics-d2d\debug\rc.read.1.tlog
c:\users\dhruvin\documents\visual studio 2010\projects\skeletonbasics-d2d\debug\rc.write.1.tlog
c:\users\dhruvin\documents\visual studio 2010\projects\skeletonbasics-d2d\debug\skeletonbasics-d2d.write.1.tlog
c:\users\dhruvin\documents\visual studio 2010\projects\skeletonbasics-d2d\debug\skeletonbasics-d2d.exe.embed.manifest
c:\users\dhruvin\documents\visual studio 2010\projects\skeletonbasics-d2d\debug\vc100.idb
c:\users\dhruvin\documents\visual studio 2010\projects\skeletonbasics-d2d\debug\vc120.idb
c:\users\dhruvin\documents\visual studio 2010\projects\skeletonbasics-d2d\debug\skeletonbasics-d2d.pdb
c:\users\dhruvin\documents\visual studio 2010\projects\skeletonbasics-d2d\debug\skeletonbasics-d2d_manifest.rc
c:\users\dhruvin\documents\visual studio 2010\projects\skeletonbasics-d2d\debug\kinectprogram.tlog\cl.command.1.tlog
c:\users\dhruvin\documents\visual studio 2010\projects\skeletonbasics-d2d\debug\kinectprogram.tlog\cl.write.1.tlog
c:\users\dhruvin\documents\visual studio 2010\projects\skeletonbasics-d2d\debug\kinectprogram.tlog\link.command.1.tlog
c:\users\dhruvin\documents\visual studio 2010\projects\skeletonbasics-d2d\debug\kinectprogram.tlog\link.read.1.tlog
c:\users\dhruvin\documents\visual studio 2010\projects\skeletonbasics-d2d\debug\kinectprogram.tlog\link.write.1.tlog
c:\users\dhruvin\documents\visual studio 2010\projects\skeletonbasics-d2d\debug\kinectprogram.tlog\rc.command.1.tlog
c:\users\dhruvin\documents\visual studio 2010\projects\skeletonbasics-d2d\debug\kinectprogram.tlog\rc.read.1.tlog
c:\users\dhruvin\documents\visual studio 2010\projects\skeletonbasics-d2d\debug\kinectprogram.tlog\rc.write.1.tlog
